#-----------------------------------------------------------
# Vivado v2019.2 (64-bit)
# SW Build 2708876 on Wed Nov  6 21:39:14 MST 2019
# IP Build 2700528 on Thu Nov  7 00:09:20 MST 2019
# Start of session at: Wed Nov 20 02:30:12 2024
# Process ID: 264610
# Current directory: /home/claudio/U/24.2/arqui/g21/Tower-Blox/architecture
# Command line: vivado
# Log file: /home/claudio/U/24.2/arqui/g21/Tower-Blox/architecture/vivado.log
# Journal file: /home/claudio/U/24.2/arqui/g21/Tower-Blox/architecture/vivado.jou
#-----------------------------------------------------------
start_gui
open_project /home/claudio/U/24.2/arqui/g21/Tower-Blox/architecture/architecture_stable.xpr
CRITICAL WARNING: [Project 1-19] Could not find the file '/home/claudio/U/24.2/arqui/g21/Tower-Blox/architecture/architecture_stable.srcs/sources_1/new/GRAM.vhd'.
CRITICAL WARNING: [Project 1-19] Could not find the file '/home/claudio/U/24.2/arqui/g21/Tower-Blox/architecture/architecture_stable.srcs/sources_1/new/VRAM.vhd'.
CRITICAL WARNING: [Project 1-19] Could not find the file '/home/claudio/U/24.2/arqui/g21/Tower-Blox/architecture/architecture_stable.srcs/sources_1/new/vram_header_reg.vhd'.
Scanning sources...
Finished scanning sources
INFO: [IP_Flow 19-234] Refreshing IP repositories
INFO: [IP_Flow 19-1704] No user IP repositories specified
INFO: [IP_Flow 19-2313] Loaded Vivado IP repository '/home/claudio/apps/vivado/Vivado/2019.2/data/ip'.
update_compile_order -fileset sources_1
reset_run synth_1
launch_runs impl_1 -to_step write_bitstream -jobs 6
[Wed Nov 20 02:30:57 2024] Launched synth_1...
Run output will be captured here: /home/claudio/U/24.2/arqui/g21/Tower-Blox/architecture/architecture_stable.runs/synth_1/runme.log
[Wed Nov 20 02:30:57 2024] Launched impl_1...
Run output will be captured here: /home/claudio/U/24.2/arqui/g21/Tower-Blox/architecture/architecture_stable.runs/impl_1/runme.log
open_hw_manager
connect_hw_server -allow_non_jtag
INFO: [Labtools 27-2285] Connecting to hw_server url TCP:localhost:3121
INFO: [Labtools 27-2222] Launching hw_server...
INFO: [Labtools 27-2221] Launch Output:

****** Xilinx hw_server v2019.2
  **** Build date : Nov  6 2019 at 22:13:42
    ** Copyright 1986-2019 Xilinx, Inc. All Rights Reserved.


INFO: [Labtools 27-3415] Connecting to cs_server url TCP:localhost:3042
INFO: [Labtools 27-3417] Launching cs_server...
INFO: [Labtools 27-2221] Launch Output:


****** Xilinx cs_server v2019.2.0
  **** Build date : Nov 07 2019-02:41:48
    ** Copyright 2017-2019 Xilinx, Inc. All Rights Reserved.



open_hw_target
INFO: [Labtoolstcl 44-466] Opening hw_target localhost:3121/xilinx_tcf/Digilent/210183B9A93AA
set_property PROGRAM.FILE {/home/claudio/U/24.2/arqui/g21/Tower-Blox/architecture/architecture_stable.runs/impl_1/Basys3.bit} [get_hw_devices xc7a35t_0]
current_hw_device [get_hw_devices xc7a35t_0]
refresh_hw_device -update_hw_probes false [lindex [get_hw_devices xc7a35t_0] 0]
INFO: [Labtools 27-1434] Device xc7a35t (JTAG device index = 0) is programmed with a design that has no supported debug core(s) in it.
set_property PROBES.FILE {} [get_hw_devices xc7a35t_0]
set_property FULL_PROBES.FILE {} [get_hw_devices xc7a35t_0]
set_property PROGRAM.FILE {/home/claudio/U/24.2/arqui/g21/Tower-Blox/architecture/architecture_stable.runs/impl_1/Basys3.bit} [get_hw_devices xc7a35t_0]
program_hw_devices [get_hw_devices xc7a35t_0]
INFO: [Labtools 27-3164] End of startup status: HIGH
refresh_hw_device [lindex [get_hw_devices xc7a35t_0] 0]
INFO: [Labtools 27-1434] Device xc7a35t (JTAG device index = 0) is programmed with a design that has no supported debug core(s) in it.
close [ open /home/claudio/U/24.2/arqui/g21/Tower-Blox/architecture/architecture_stable.srcs/sources_1/new/yellow_block_sprite.vhd w ]
add_files /home/claudio/U/24.2/arqui/g21/Tower-Blox/architecture/architecture_stable.srcs/sources_1/new/yellow_block_sprite.vhd
update_compile_order -fileset sources_1
WARNING: [IP_Flow 19-3899] Cannot get the environment domain name variable for the component vendor name. Setting the vendor name to 'user.org'.
WARNING: [IP_Flow 19-3899] Cannot get the environment domain name variable for the component vendor name. Setting the vendor name to 'user.org'.
WARNING: [filemgmt 56-199] Attempt to get parsing info during refresh. "On-the-fly" syntax checking information may be incorrect. [/home/claudio/U/24.2/arqui/g21/Tower-Blox/architecture/architecture_stable.srcs/sources_1/new/generic_16b_register.vhd:]
WARNING: [filemgmt 56-199] Attempt to get parsing info during refresh. "On-the-fly" syntax checking information may be incorrect. [/home/claudio/U/24.2/arqui/g21/Tower-Blox/architecture/architecture_stable.srcs/sources_1/new/basys3_RTX2060.vhd:]
WARNING: [filemgmt 56-199] Attempt to get parsing info during refresh. "On-the-fly" syntax checking information may be incorrect. [/home/claudio/U/24.2/arqui/g21/Tower-Blox/architecture/architecture_stable.srcs/sources_1/new/yellow_block_sprite.vhd:]
WARNING: [filemgmt 56-199] Attempt to get parsing info during refresh. "On-the-fly" syntax checking information may be incorrect. [/home/claudio/U/24.2/arqui/g21/Tower-Blox/architecture/architecture_stable.srcs/sources_1/new/generic_16b_register.vhd:]
WARNING: [filemgmt 56-199] Attempt to get parsing info during refresh. "On-the-fly" syntax checking information may be incorrect. [/home/claudio/U/24.2/arqui/g21/Tower-Blox/architecture/architecture_stable.srcs/sources_1/new/basys3_RTX2060.vhd:]
WARNING: [filemgmt 56-199] Attempt to get parsing info during refresh. "On-the-fly" syntax checking information may be incorrect. [/home/claudio/U/24.2/arqui/g21/Tower-Blox/architecture/architecture_stable.srcs/sources_1/new/yellow_block_sprite.vhd:]
update_compile_order -fileset sources_1
reset_run synth_1
launch_runs impl_1 -to_step write_bitstream -jobs 6
[Wed Nov 20 03:31:12 2024] Launched synth_1...
Run output will be captured here: /home/claudio/U/24.2/arqui/g21/Tower-Blox/architecture/architecture_stable.runs/synth_1/runme.log
[Wed Nov 20 03:31:12 2024] Launched impl_1...
Run output will be captured here: /home/claudio/U/24.2/arqui/g21/Tower-Blox/architecture/architecture_stable.runs/impl_1/runme.log
set_property PROBES.FILE {} [get_hw_devices xc7a35t_0]
set_property FULL_PROBES.FILE {} [get_hw_devices xc7a35t_0]
set_property PROGRAM.FILE {/home/claudio/U/24.2/arqui/g21/Tower-Blox/architecture/architecture_stable.runs/impl_1/Basys3.bit} [get_hw_devices xc7a35t_0]
program_hw_devices [get_hw_devices xc7a35t_0]
INFO: [Labtools 27-3164] End of startup status: HIGH
refresh_hw_device [lindex [get_hw_devices xc7a35t_0] 0]
INFO: [Labtools 27-1434] Device xc7a35t (JTAG device index = 0) is programmed with a design that has no supported debug core(s) in it.
reset_run synth_1
launch_runs impl_1 -to_step write_bitstream -jobs 6
[Wed Nov 20 03:37:43 2024] Launched synth_1...
Run output will be captured here: /home/claudio/U/24.2/arqui/g21/Tower-Blox/architecture/architecture_stable.runs/synth_1/runme.log
[Wed Nov 20 03:37:43 2024] Launched impl_1...
Run output will be captured here: /home/claudio/U/24.2/arqui/g21/Tower-Blox/architecture/architecture_stable.runs/impl_1/runme.log
set_property PROBES.FILE {} [get_hw_devices xc7a35t_0]
set_property FULL_PROBES.FILE {} [get_hw_devices xc7a35t_0]
set_property PROGRAM.FILE {/home/claudio/U/24.2/arqui/g21/Tower-Blox/architecture/architecture_stable.runs/impl_1/Basys3.bit} [get_hw_devices xc7a35t_0]
program_hw_devices [get_hw_devices xc7a35t_0]
INFO: [Labtools 27-3164] End of startup status: HIGH
refresh_hw_device [lindex [get_hw_devices xc7a35t_0] 0]
INFO: [Labtools 27-1434] Device xc7a35t (JTAG device index = 0) is programmed with a design that has no supported debug core(s) in it.
reset_run synth_1
launch_runs impl_1 -to_step write_bitstream -jobs 6
[Wed Nov 20 03:40:50 2024] Launched synth_1...
Run output will be captured here: /home/claudio/U/24.2/arqui/g21/Tower-Blox/architecture/architecture_stable.runs/synth_1/runme.log
[Wed Nov 20 03:40:50 2024] Launched impl_1...
Run output will be captured here: /home/claudio/U/24.2/arqui/g21/Tower-Blox/architecture/architecture_stable.runs/impl_1/runme.log
set_property PROBES.FILE {} [get_hw_devices xc7a35t_0]
set_property FULL_PROBES.FILE {} [get_hw_devices xc7a35t_0]
set_property PROGRAM.FILE {/home/claudio/U/24.2/arqui/g21/Tower-Blox/architecture/architecture_stable.runs/impl_1/Basys3.bit} [get_hw_devices xc7a35t_0]
program_hw_devices [get_hw_devices xc7a35t_0]
INFO: [Labtools 27-3164] End of startup status: HIGH
refresh_hw_device [lindex [get_hw_devices xc7a35t_0] 0]
INFO: [Labtools 27-1434] Device xc7a35t (JTAG device index = 0) is programmed with a design that has no supported debug core(s) in it.
reset_run synth_1
launch_runs impl_1 -to_step write_bitstream -jobs 6
[Wed Nov 20 03:43:53 2024] Launched synth_1...
Run output will be captured here: /home/claudio/U/24.2/arqui/g21/Tower-Blox/architecture/architecture_stable.runs/synth_1/runme.log
[Wed Nov 20 03:43:53 2024] Launched impl_1...
Run output will be captured here: /home/claudio/U/24.2/arqui/g21/Tower-Blox/architecture/architecture_stable.runs/impl_1/runme.log
set_property PROBES.FILE {} [get_hw_devices xc7a35t_0]
set_property FULL_PROBES.FILE {} [get_hw_devices xc7a35t_0]
set_property PROGRAM.FILE {/home/claudio/U/24.2/arqui/g21/Tower-Blox/architecture/architecture_stable.runs/impl_1/Basys3.bit} [get_hw_devices xc7a35t_0]
program_hw_devices [get_hw_devices xc7a35t_0]
INFO: [Labtools 27-3164] End of startup status: HIGH
refresh_hw_device [lindex [get_hw_devices xc7a35t_0] 0]
INFO: [Labtools 27-1434] Device xc7a35t (JTAG device index = 0) is programmed with a design that has no supported debug core(s) in it.
reset_run synth_1
launch_runs impl_1 -to_step write_bitstream -jobs 6
[Wed Nov 20 03:48:36 2024] Launched synth_1...
Run output will be captured here: /home/claudio/U/24.2/arqui/g21/Tower-Blox/architecture/architecture_stable.runs/synth_1/runme.log
[Wed Nov 20 03:48:36 2024] Launched impl_1...
Run output will be captured here: /home/claudio/U/24.2/arqui/g21/Tower-Blox/architecture/architecture_stable.runs/impl_1/runme.log
set_property PROBES.FILE {} [get_hw_devices xc7a35t_0]
set_property FULL_PROBES.FILE {} [get_hw_devices xc7a35t_0]
set_property PROGRAM.FILE {/home/claudio/U/24.2/arqui/g21/Tower-Blox/architecture/architecture_stable.runs/impl_1/Basys3.bit} [get_hw_devices xc7a35t_0]
program_hw_devices [get_hw_devices xc7a35t_0]
INFO: [Labtools 27-3164] End of startup status: HIGH
refresh_hw_device [lindex [get_hw_devices xc7a35t_0] 0]
INFO: [Labtools 27-1434] Device xc7a35t (JTAG device index = 0) is programmed with a design that has no supported debug core(s) in it.
reset_run synth_1
launch_runs impl_1 -to_step write_bitstream -jobs 6
[Wed Nov 20 03:52:56 2024] Launched synth_1...
Run output will be captured here: /home/claudio/U/24.2/arqui/g21/Tower-Blox/architecture/architecture_stable.runs/synth_1/runme.log
[Wed Nov 20 03:52:56 2024] Launched impl_1...
Run output will be captured here: /home/claudio/U/24.2/arqui/g21/Tower-Blox/architecture/architecture_stable.runs/impl_1/runme.log
set_property PROBES.FILE {} [get_hw_devices xc7a35t_0]
set_property FULL_PROBES.FILE {} [get_hw_devices xc7a35t_0]
set_property PROGRAM.FILE {/home/claudio/U/24.2/arqui/g21/Tower-Blox/architecture/architecture_stable.runs/impl_1/Basys3.bit} [get_hw_devices xc7a35t_0]
program_hw_devices [get_hw_devices xc7a35t_0]
INFO: [Labtools 27-3164] End of startup status: HIGH
refresh_hw_device [lindex [get_hw_devices xc7a35t_0] 0]
INFO: [Labtools 27-1434] Device xc7a35t (JTAG device index = 0) is programmed with a design that has no supported debug core(s) in it.
reset_run synth_1
launch_runs impl_1 -to_step write_bitstream -jobs 6
[Wed Nov 20 04:07:35 2024] Launched synth_1...
Run output will be captured here: /home/claudio/U/24.2/arqui/g21/Tower-Blox/architecture/architecture_stable.runs/synth_1/runme.log
[Wed Nov 20 04:07:35 2024] Launched impl_1...
Run output will be captured here: /home/claudio/U/24.2/arqui/g21/Tower-Blox/architecture/architecture_stable.runs/impl_1/runme.log
set_property PROBES.FILE {} [get_hw_devices xc7a35t_0]
set_property FULL_PROBES.FILE {} [get_hw_devices xc7a35t_0]
set_property PROGRAM.FILE {/home/claudio/U/24.2/arqui/g21/Tower-Blox/architecture/architecture_stable.runs/impl_1/Basys3.bit} [get_hw_devices xc7a35t_0]
program_hw_devices [get_hw_devices xc7a35t_0]
INFO: [Labtools 27-3164] End of startup status: HIGH
refresh_hw_device [lindex [get_hw_devices xc7a35t_0] 0]
INFO: [Labtools 27-1434] Device xc7a35t (JTAG device index = 0) is programmed with a design that has no supported debug core(s) in it.
reset_run synth_1
launch_runs impl_1 -to_step write_bitstream -jobs 6
[Wed Nov 20 04:10:51 2024] Launched synth_1...
Run output will be captured here: /home/claudio/U/24.2/arqui/g21/Tower-Blox/architecture/architecture_stable.runs/synth_1/runme.log
[Wed Nov 20 04:10:51 2024] Launched impl_1...
Run output will be captured here: /home/claudio/U/24.2/arqui/g21/Tower-Blox/architecture/architecture_stable.runs/impl_1/runme.log
set_property PROBES.FILE {} [get_hw_devices xc7a35t_0]
set_property FULL_PROBES.FILE {} [get_hw_devices xc7a35t_0]
set_property PROGRAM.FILE {/home/claudio/U/24.2/arqui/g21/Tower-Blox/architecture/architecture_stable.runs/impl_1/Basys3.bit} [get_hw_devices xc7a35t_0]
program_hw_devices [get_hw_devices xc7a35t_0]
INFO: [Labtools 27-3164] End of startup status: HIGH
refresh_hw_device [lindex [get_hw_devices xc7a35t_0] 0]
INFO: [Labtools 27-1434] Device xc7a35t (JTAG device index = 0) is programmed with a design that has no supported debug core(s) in it.
exit
INFO: [Common 17-206] Exiting Vivado at Wed Nov 20 04:55:06 2024...
