#-----------------------------------------------------------
# Vivado v2019.2 (64-bit)
# SW Build 2708876 on Wed Nov  6 21:39:14 MST 2019
# IP Build 2700528 on Thu Nov  7 00:09:20 MST 2019
# Start of session at: Sat Nov 23 03:15:15 2024
# Process ID: 25554
# Current directory: /home/claudio/U/24.2/arqui/g21/Tower-Blox/architecture
# Command line: vivado
# Log file: /home/claudio/U/24.2/arqui/g21/Tower-Blox/architecture/vivado.log
# Journal file: /home/claudio/U/24.2/arqui/g21/Tower-Blox/architecture/vivado.jou
#-----------------------------------------------------------
start_gui
open_project /home/claudio/U/24.2/arqui/g21/Tower-Blox/architecture/architecture_stable.xpr
Scanning sources...
Finished scanning sources
INFO: [IP_Flow 19-234] Refreshing IP repositories
INFO: [IP_Flow 19-1704] No user IP repositories specified
INFO: [IP_Flow 19-2313] Loaded Vivado IP repository '/home/claudio/apps/vivado/Vivado/2019.2/data/ip'.
update_compile_order -fileset sources_1
close [ open /home/claudio/U/24.2/arqui/g21/Tower-Blox/architecture/architecture_stable.srcs/sources_1/new/bk_controller.vhd w ]
add_files /home/claudio/U/24.2/arqui/g21/Tower-Blox/architecture/architecture_stable.srcs/sources_1/new/bk_controller.vhd
update_compile_order -fileset sources_1
WARNING: [IP_Flow 19-4067] Ignoring invalid widget type specified checkbox.Providing a default widget
WARNING: [IP_Flow 19-4067] Ignoring invalid widget type specified checkbox.Providing a default widget
INFO: [IP_Flow 19-3484] Absolute path of file '/home/claudio/U/24.2/arqui/g21/Tower-Blox/resources/background/buildings_RED.coe' provided. It will be converted relative to IP Instance files '../../../../../resources/background/buildings_RED.coe'
export_ip_user_files -of_objects  [get_files /home/claudio/U/24.2/arqui/g21/Tower-Blox/architecture/architecture_stable.srcs/sources_1/new/bk_controller.vhd] -no_script -reset -force -quiet
remove_files  /home/claudio/U/24.2/arqui/g21/Tower-Blox/architecture/architecture_stable.srcs/sources_1/new/bk_controller.vhd
file delete -force /home/claudio/U/24.2/arqui/g21/Tower-Blox/architecture/architecture_stable.srcs/sources_1/new/bk_controller.vhd
open_hw_manager
connect_hw_server -allow_non_jtag
INFO: [Labtools 27-2285] Connecting to hw_server url TCP:localhost:3121
INFO: [Labtools 27-2222] Launching hw_server...
INFO: [Labtools 27-2221] Launch Output:

****** Xilinx hw_server v2019.2
  **** Build date : Nov  6 2019 at 22:13:42
    ** Copyright 1986-2019 Xilinx, Inc. All Rights Reserved.


INFO: [Labtools 27-3415] Connecting to cs_server url TCP:localhost:3042
INFO: [Labtools 27-3417] Launching cs_server...
INFO: [Labtools 27-2221] Launch Output:


****** Xilinx cs_server v2019.2.0
  **** Build date : Nov 07 2019-02:41:48
    ** Copyright 2017-2019 Xilinx, Inc. All Rights Reserved.



open_hw_target
INFO: [Labtoolstcl 44-466] Opening hw_target localhost:3121/xilinx_tcf/Digilent/210183B9A93AA
set_property PROGRAM.FILE {/home/claudio/U/24.2/arqui/g21/Tower-Blox/architecture/architecture_stable.runs/impl_1/Basys3.bit} [get_hw_devices xc7a35t_0]
current_hw_device [get_hw_devices xc7a35t_0]
refresh_hw_device -update_hw_probes false [lindex [get_hw_devices xc7a35t_0] 0]
INFO: [Labtools 27-1434] Device xc7a35t (JTAG device index = 0) is programmed with a design that has no supported debug core(s) in it.
set_property PROBES.FILE {} [get_hw_devices xc7a35t_0]
set_property FULL_PROBES.FILE {} [get_hw_devices xc7a35t_0]
set_property PROGRAM.FILE {/home/claudio/U/24.2/arqui/g21/Tower-Blox/architecture/architecture_stable.runs/impl_1/Basys3.bit} [get_hw_devices xc7a35t_0]
program_hw_devices [get_hw_devices xc7a35t_0]
INFO: [Labtools 27-3164] End of startup status: HIGH
refresh_hw_device [lindex [get_hw_devices xc7a35t_0] 0]
INFO: [Labtools 27-1434] Device xc7a35t (JTAG device index = 0) is programmed with a design that has no supported debug core(s) in it.
reset_run synth_1
launch_runs impl_1 -to_step write_bitstream -jobs 6
[Sat Nov 23 03:40:27 2024] Launched synth_1...
Run output will be captured here: /home/claudio/U/24.2/arqui/g21/Tower-Blox/architecture/architecture_stable.runs/synth_1/runme.log
[Sat Nov 23 03:40:27 2024] Launched impl_1...
Run output will be captured here: /home/claudio/U/24.2/arqui/g21/Tower-Blox/architecture/architecture_stable.runs/impl_1/runme.log
set_property PROBES.FILE {} [get_hw_devices xc7a35t_0]
set_property FULL_PROBES.FILE {} [get_hw_devices xc7a35t_0]
set_property PROGRAM.FILE {/home/claudio/U/24.2/arqui/g21/Tower-Blox/architecture/architecture_stable.runs/impl_1/Basys3.bit} [get_hw_devices xc7a35t_0]
program_hw_devices [get_hw_devices xc7a35t_0]
INFO: [Labtools 27-3164] End of startup status: HIGH
refresh_hw_device [lindex [get_hw_devices xc7a35t_0] 0]
INFO: [Labtools 27-1434] Device xc7a35t (JTAG device index = 0) is programmed with a design that has no supported debug core(s) in it.
ERROR: [Labtoolstcl 44-513] HW Target shutdown. Closing target: localhost:3121/xilinx_tcf/Digilent/210183B9A93AA
exit
INFO: [Common 17-206] Exiting Vivado at Sat Nov 23 04:41:19 2024...
