
*** Running vivado
    with args -log Basys3.vdi -applog -m64 -product Vivado -messageDb vivado.pb -mode batch -source Basys3.tcl -notrace


****** Vivado v2019.2 (64-bit)
  **** SW Build 2708876 on Wed Nov  6 21:39:14 MST 2019
  **** IP Build 2700528 on Thu Nov  7 00:09:20 MST 2019
    ** Copyright 1986-2019 Xilinx, Inc. All Rights Reserved.

source Basys3.tcl -notrace
Command: link_design -top Basys3 -part xc7a35tcpg236-1
Design is defaulting to srcset: sources_1
Design is defaulting to constrset: constrs_1
INFO: [Device 21-403] Loading part xc7a35tcpg236-1
INFO: [Project 1-454] Reading design checkpoint '/home/claudio/U/24.2/arqui/g21/Tower-Blox/architecture/architecture_stable.srcs/sources_1/ip/yellow_block_blue/yellow_block_blue.dcp' for cell 'basys3_rtx2060/yb_controller/block_pixels/blueish'
INFO: [Project 1-454] Reading design checkpoint '/home/claudio/U/24.2/arqui/g21/Tower-Blox/architecture/architecture_stable.srcs/sources_1/ip/yellow_block_green/yellow_block_green.dcp' for cell 'basys3_rtx2060/yb_controller/block_pixels/greenish'
INFO: [Project 1-454] Reading design checkpoint '/home/claudio/U/24.2/arqui/g21/Tower-Blox/architecture/architecture_stable.srcs/sources_1/ip/yellow_block_red/yellow_block_red.dcp' for cell 'basys3_rtx2060/yb_controller/block_pixels/reddish'
Netlist sorting complete. Time (s): cpu = 00:00:00.01 ; elapsed = 00:00:00.01 . Memory (MB): peak = 1607.750 ; gain = 0.000 ; free physical = 12529 ; free virtual = 17990
INFO: [Netlist 29-17] Analyzing 957 Unisim elements for replacement
INFO: [Netlist 29-28] Unisim Transformation completed in 0 CPU seconds
INFO: [Project 1-479] Netlist was created with Vivado 2019.2
INFO: [Project 1-570] Preparing netlist for logic optimization
Parsing XDC File [/home/claudio/U/24.2/arqui/g21/Tower-Blox/architecture/architecture_stable.srcs/constrs_1/imports/new/Basys3.xdc]
Finished Parsing XDC File [/home/claudio/U/24.2/arqui/g21/Tower-Blox/architecture/architecture_stable.srcs/constrs_1/imports/new/Basys3.xdc]
INFO: [Opt 31-138] Pushed 0 inverter(s) to 0 load pin(s).
Netlist sorting complete. Time (s): cpu = 00:00:00 ; elapsed = 00:00:00 . Memory (MB): peak = 1761.309 ; gain = 0.000 ; free physical = 12422 ; free virtual = 17880
INFO: [Project 1-111] Unisim Transformation Summary:
  A total of 624 instances were transformed.
  RAM256X1S => RAM256X1S (MUXF7(x2), MUXF8, RAMS64E(x4)): 624 instances

10 Infos, 0 Warnings, 0 Critical Warnings and 0 Errors encountered.
link_design completed successfully
link_design: Time (s): cpu = 00:00:04 ; elapsed = 00:00:08 . Memory (MB): peak = 1761.309 ; gain = 324.809 ; free physical = 12422 ; free virtual = 17880
Command: opt_design
Attempting to get a license for feature 'Implementation' and/or device 'xc7a35t'
INFO: [Common 17-349] Got license for feature 'Implementation' and/or device 'xc7a35t'
Running DRC as a precondition to command opt_design

Starting DRC Task
INFO: [DRC 23-27] Running DRC with 8 threads
INFO: [Project 1-461] DRC finished with 0 Errors
INFO: [Project 1-462] Please refer to the DRC report (report_drc) for more information.

Time (s): cpu = 00:00:00.79 ; elapsed = 00:00:00.81 . Memory (MB): peak = 1860.027 ; gain = 98.719 ; free physical = 12422 ; free virtual = 17880

Starting Cache Timing Information Task
INFO: [Timing 38-35] Done setting XDC timing constraints.
Ending Cache Timing Information Task | Checksum: 216806aa5

Time (s): cpu = 00:00:05 ; elapsed = 00:00:06 . Memory (MB): peak = 2300.910 ; gain = 440.883 ; free physical = 11984 ; free virtual = 17458

Starting Logic Optimization Task

Phase 1 Retarget
INFO: [Opt 31-138] Pushed 0 inverter(s) to 0 load pin(s).
INFO: [Opt 31-49] Retargeted 0 cell(s).
Phase 1 Retarget | Checksum: 216806aa5

Time (s): cpu = 00:00:00.30 ; elapsed = 00:00:00.12 . Memory (MB): peak = 2456.848 ; gain = 0.000 ; free physical = 11853 ; free virtual = 17327
INFO: [Opt 31-389] Phase Retarget created 0 cells and removed 0 cells

Phase 2 Constant propagation
INFO: [Opt 31-138] Pushed 0 inverter(s) to 0 load pin(s).
Phase 2 Constant propagation | Checksum: 2147a9602

Time (s): cpu = 00:00:00.32 ; elapsed = 00:00:00.14 . Memory (MB): peak = 2456.848 ; gain = 0.000 ; free physical = 11853 ; free virtual = 17327
INFO: [Opt 31-389] Phase Constant propagation created 0 cells and removed 0 cells

Phase 3 Sweep
Phase 3 Sweep | Checksum: 1d6caea4d

Time (s): cpu = 00:00:00.36 ; elapsed = 00:00:00.18 . Memory (MB): peak = 2456.848 ; gain = 0.000 ; free physical = 11854 ; free virtual = 17328
INFO: [Opt 31-389] Phase Sweep created 0 cells and removed 1 cells

Phase 4 BUFG optimization
INFO: [Opt 31-1112] Starts optimizing BUFG(s) with a common MMCM/DPLL/XPLL driver.
INFO: [Opt 31-1112] Starts optimizing BUFG(s) with a common driver.
INFO: [Opt 31-1092] Phase BUFG optimization transformed 0 BUFG(s) to MBUFG(s).
Phase 4 BUFG optimization | Checksum: 1d6caea4d

Time (s): cpu = 00:00:00.46 ; elapsed = 00:00:00.28 . Memory (MB): peak = 2456.848 ; gain = 0.000 ; free physical = 11854 ; free virtual = 17328
INFO: [Opt 31-662] Phase BUFG optimization created 0 cells of which 0 are BUFGs and removed 0 cells.

Phase 5 Shift Register Optimization
INFO: [Opt 31-1064] SRL Remap converted 0 SRLs to 0 registers and converted 0 registers of register chains to 0 SRLs
Phase 5 Shift Register Optimization | Checksum: 1d6caea4d

Time (s): cpu = 00:00:00.48 ; elapsed = 00:00:00.30 . Memory (MB): peak = 2456.848 ; gain = 0.000 ; free physical = 11854 ; free virtual = 17328
INFO: [Opt 31-389] Phase Shift Register Optimization created 0 cells and removed 0 cells

Phase 6 Post Processing Netlist
Phase 6 Post Processing Netlist | Checksum: 1d6caea4d

Time (s): cpu = 00:00:00.49 ; elapsed = 00:00:00.31 . Memory (MB): peak = 2456.848 ; gain = 0.000 ; free physical = 11854 ; free virtual = 17328
INFO: [Opt 31-389] Phase Post Processing Netlist created 0 cells and removed 0 cells
Opt_design Change Summary
=========================


-------------------------------------------------------------------------------------------------------------------------
|  Phase                        |  #Cells created  |  #Cells Removed  |  #Constrained objects preventing optimizations  |
-------------------------------------------------------------------------------------------------------------------------
|  Retarget                     |               0  |               0  |                                              0  |
|  Constant propagation         |               0  |               0  |                                              0  |
|  Sweep                        |               0  |               1  |                                              0  |
|  BUFG optimization            |               0  |               0  |                                              0  |
|  Shift Register Optimization  |               0  |               0  |                                              0  |
|  Post Processing Netlist      |               0  |               0  |                                              0  |
-------------------------------------------------------------------------------------------------------------------------



Starting Connectivity Check Task

Time (s): cpu = 00:00:00 ; elapsed = 00:00:00 . Memory (MB): peak = 2456.848 ; gain = 0.000 ; free physical = 11854 ; free virtual = 17328
Ending Logic Optimization Task | Checksum: 1b810c168

Time (s): cpu = 00:00:00.54 ; elapsed = 00:00:00.36 . Memory (MB): peak = 2456.848 ; gain = 0.000 ; free physical = 11854 ; free virtual = 17328

Starting Power Optimization Task
INFO: [Pwropt 34-132] Skipping clock gating for clocks with a period < 2.00 ns.
INFO: [Timing 38-35] Done setting XDC timing constraints.
INFO: [Physopt 32-619] Estimated Timing Summary | WNS=5.324 | TNS=0.000 |
Running Vector-less Activity Propagation...

Finished Running Vector-less Activity Propagation
INFO: [Pwropt 34-9] Applying IDT optimizations ...
INFO: [Pwropt 34-10] Applying ODC optimizations ...


Starting PowerOpt Patch Enables Task
INFO: [Pwropt 34-162] WRITE_MODE attribute of 0 BRAM(s) out of a total of 3 has been updated to save power. Run report_power_opt to get a complete listing of the BRAMs updated.
INFO: [Pwropt 34-201] Structural ODC has moved 0 WE to EN ports
Number of BRAM Ports augmented: 0 newly gated: 0 Total Ports: 6
Ending PowerOpt Patch Enables Task | Checksum: 1b810c168

Time (s): cpu = 00:00:00.02 ; elapsed = 00:00:00.02 . Memory (MB): peak = 2837.828 ; gain = 0.000 ; free physical = 11836 ; free virtual = 17315
Ending Power Optimization Task | Checksum: 1b810c168

Time (s): cpu = 00:00:04 ; elapsed = 00:00:02 . Memory (MB): peak = 2837.828 ; gain = 380.980 ; free physical = 11843 ; free virtual = 17323

Starting Final Cleanup Task
Ending Final Cleanup Task | Checksum: 1b810c168

Time (s): cpu = 00:00:00 ; elapsed = 00:00:00 . Memory (MB): peak = 2837.828 ; gain = 0.000 ; free physical = 11843 ; free virtual = 17323

Starting Netlist Obfuscation Task
Netlist sorting complete. Time (s): cpu = 00:00:00 ; elapsed = 00:00:00.01 . Memory (MB): peak = 2837.828 ; gain = 0.000 ; free physical = 11843 ; free virtual = 17323
Ending Netlist Obfuscation Task | Checksum: 1b810c168

Time (s): cpu = 00:00:00 ; elapsed = 00:00:00.01 . Memory (MB): peak = 2837.828 ; gain = 0.000 ; free physical = 11843 ; free virtual = 17323
INFO: [Common 17-83] Releasing license: Implementation
36 Infos, 0 Warnings, 0 Critical Warnings and 0 Errors encountered.
opt_design completed successfully
opt_design: Time (s): cpu = 00:00:12 ; elapsed = 00:00:10 . Memory (MB): peak = 2837.828 ; gain = 1076.520 ; free physical = 11843 ; free virtual = 17323
Netlist sorting complete. Time (s): cpu = 00:00:00 ; elapsed = 00:00:00 . Memory (MB): peak = 2837.828 ; gain = 0.000 ; free physical = 11843 ; free virtual = 17323
INFO: [Timing 38-480] Writing timing data to binary archive.
Writing placer database...
Writing XDEF routing.
Writing XDEF routing logical nets.
Writing XDEF routing special nets.
Write XDEF Complete: Time (s): cpu = 00:00:00.01 ; elapsed = 00:00:00 . Memory (MB): peak = 2837.828 ; gain = 0.000 ; free physical = 11840 ; free virtual = 17321
INFO: [Common 17-1381] The checkpoint '/home/claudio/U/24.2/arqui/g21/Tower-Blox/architecture/architecture_stable.runs/impl_1/Basys3_opt.dcp' has been generated.
INFO: [runtcl-4] Executing : report_drc -file Basys3_drc_opted.rpt -pb Basys3_drc_opted.pb -rpx Basys3_drc_opted.rpx
Command: report_drc -file Basys3_drc_opted.rpt -pb Basys3_drc_opted.pb -rpx Basys3_drc_opted.rpx
INFO: [IP_Flow 19-1839] IP Catalog is up to date.
INFO: [DRC 23-27] Running DRC with 8 threads
INFO: [Coretcl 2-168] The results of DRC are in file /home/claudio/U/24.2/arqui/g21/Tower-Blox/architecture/architecture_stable.runs/impl_1/Basys3_drc_opted.rpt.
report_drc completed successfully
Command: place_design
Attempting to get a license for feature 'Implementation' and/or device 'xc7a35t'
INFO: [Common 17-349] Got license for feature 'Implementation' and/or device 'xc7a35t'
INFO: [DRC 23-27] Running DRC with 8 threads
INFO: [Vivado_Tcl 4-198] DRC finished with 0 Errors
INFO: [Vivado_Tcl 4-199] Please refer to the DRC report (report_drc) for more information.
Running DRC as a precondition to command place_design
INFO: [DRC 23-27] Running DRC with 8 threads
INFO: [Vivado_Tcl 4-198] DRC finished with 0 Errors
INFO: [Vivado_Tcl 4-199] Please refer to the DRC report (report_drc) for more information.

Starting Placer Task
INFO: [Place 30-611] Multithreading enabled for place_design using a maximum of 8 CPUs

Phase 1 Placer Initialization

Phase 1.1 Placer Initialization Netlist Sorting
Netlist sorting complete. Time (s): cpu = 00:00:00 ; elapsed = 00:00:00 . Memory (MB): peak = 2837.828 ; gain = 0.000 ; free physical = 11805 ; free virtual = 17291
Phase 1.1 Placer Initialization Netlist Sorting | Checksum: 126801d4a

Time (s): cpu = 00:00:00 ; elapsed = 00:00:00.01 . Memory (MB): peak = 2837.828 ; gain = 0.000 ; free physical = 11805 ; free virtual = 17291
Netlist sorting complete. Time (s): cpu = 00:00:00 ; elapsed = 00:00:00 . Memory (MB): peak = 2837.828 ; gain = 0.000 ; free physical = 11805 ; free virtual = 17291

Phase 1.2 IO Placement/ Clock Placement/ Build Placer Device
INFO: [Timing 38-35] Done setting XDC timing constraints.
Phase 1.2 IO Placement/ Clock Placement/ Build Placer Device | Checksum: 131542232

Time (s): cpu = 00:00:01 ; elapsed = 00:00:00.41 . Memory (MB): peak = 2837.828 ; gain = 0.000 ; free physical = 11796 ; free virtual = 17289

Phase 1.3 Build Placer Netlist Model
Phase 1.3 Build Placer Netlist Model | Checksum: 20ebe1e0e

Time (s): cpu = 00:00:03 ; elapsed = 00:00:01 . Memory (MB): peak = 2837.828 ; gain = 0.000 ; free physical = 11792 ; free virtual = 17282

Phase 1.4 Constrain Clocks/Macros
Phase 1.4 Constrain Clocks/Macros | Checksum: 20ebe1e0e

Time (s): cpu = 00:00:03 ; elapsed = 00:00:01 . Memory (MB): peak = 2837.828 ; gain = 0.000 ; free physical = 11792 ; free virtual = 17282
Phase 1 Placer Initialization | Checksum: 20ebe1e0e

Time (s): cpu = 00:00:03 ; elapsed = 00:00:01 . Memory (MB): peak = 2837.828 ; gain = 0.000 ; free physical = 11792 ; free virtual = 17282

Phase 2 Global Placement

Phase 2.1 Floorplanning
Phase 2.1 Floorplanning | Checksum: 131a4b915

Time (s): cpu = 00:00:03 ; elapsed = 00:00:01 . Memory (MB): peak = 2837.828 ; gain = 0.000 ; free physical = 11766 ; free virtual = 17256

Phase 2.2 Global Placement Core

Phase 2.2.1 Physical Synthesis In Placer
INFO: [Physopt 32-1018] Found 138 candidate LUT instances to create LUTNM shape
INFO: [Physopt 32-775] End 1 Pass. Optimized 66 nets or cells. Created 0 new cell, deleted 66 existing cells and moved 0 existing cell
INFO: [Physopt 32-1022] Very high fanout net 'basys3_LUT_ROM/reg_reg[11]_0[2]' has -through timing constraint at pin '' or its immediate connected net. To preserve -through timing constraint its fanout number considered in optimization is changed from 1044 to 277 and it is not considered a very high fanout net anymore. Please consider modifying/removing the '-through' timing constraint on the net segment or hierarchy pin.
INFO: [Physopt 32-65] No nets found for high-fanout optimization.
INFO: [Physopt 32-232] Optimized 0 net. Created 0 new instance.
INFO: [Physopt 32-775] End 1 Pass. Optimized 0 net or cell. Created 0 new cell, deleted 0 existing cell and moved 0 existing cell
INFO: [Physopt 32-670] No setup violation found.  DSP Register Optimization was not performed.
INFO: [Physopt 32-670] No setup violation found.  Shift Register to Pipeline Optimization was not performed.
INFO: [Physopt 32-670] No setup violation found.  Shift Register Optimization was not performed.
INFO: [Physopt 32-670] No setup violation found.  BRAM Register Optimization was not performed.
INFO: [Physopt 32-949] No candidate nets found for HD net replication
INFO: [Physopt 32-775] End 1 Pass. Optimized 0 net or cell. Created 0 new cell, deleted 0 existing cell and moved 0 existing cell
Netlist sorting complete. Time (s): cpu = 00:00:00 ; elapsed = 00:00:00.01 . Memory (MB): peak = 2837.828 ; gain = 0.000 ; free physical = 11781 ; free virtual = 17270

Summary of Physical Synthesis Optimizations
============================================


-----------------------------------------------------------------------------------------------------------------------------------------------------------
|  Optimization                                     |  Added Cells  |  Removed Cells  |  Optimized Cells/Nets  |  Dont Touch  |  Iterations  |  Elapsed   |
-----------------------------------------------------------------------------------------------------------------------------------------------------------
|  LUT Combining                                    |            0  |             66  |                    66  |           0  |           1  |  00:00:00  |
|  Very High Fanout                                 |            0  |              0  |                     0  |           0  |           1  |  00:00:00  |
|  DSP Register                                     |            0  |              0  |                     0  |           0  |           0  |  00:00:00  |
|  Shift Register to Pipeline                       |            0  |              0  |                     0  |           0  |           0  |  00:00:00  |
|  Shift Register                                   |            0  |              0  |                     0  |           0  |           0  |  00:00:00  |
|  BRAM Register                                    |            0  |              0  |                     0  |           0  |           0  |  00:00:00  |
|  Dynamic/Static Region Interface Net Replication  |            0  |              0  |                     0  |           0  |           1  |  00:00:00  |
|  Total                                            |            0  |             66  |                    66  |           0  |           3  |  00:00:00  |
-----------------------------------------------------------------------------------------------------------------------------------------------------------


Phase 2.2.1 Physical Synthesis In Placer | Checksum: 1ccc0eaab

Time (s): cpu = 00:00:15 ; elapsed = 00:00:04 . Memory (MB): peak = 2837.828 ; gain = 0.000 ; free physical = 11781 ; free virtual = 17269
Phase 2.2 Global Placement Core | Checksum: 1cf5682a8

Time (s): cpu = 00:00:15 ; elapsed = 00:00:04 . Memory (MB): peak = 2837.828 ; gain = 0.000 ; free physical = 11781 ; free virtual = 17270
Phase 2 Global Placement | Checksum: 1cf5682a8

Time (s): cpu = 00:00:15 ; elapsed = 00:00:04 . Memory (MB): peak = 2837.828 ; gain = 0.000 ; free physical = 11781 ; free virtual = 17270

Phase 3 Detail Placement

Phase 3.1 Commit Multi Column Macros
Phase 3.1 Commit Multi Column Macros | Checksum: 1aa7062c7

Time (s): cpu = 00:00:15 ; elapsed = 00:00:04 . Memory (MB): peak = 2837.828 ; gain = 0.000 ; free physical = 11780 ; free virtual = 17269

Phase 3.2 Commit Most Macros & LUTRAMs
Phase 3.2 Commit Most Macros & LUTRAMs | Checksum: 1f2b9c38b

Time (s): cpu = 00:00:16 ; elapsed = 00:00:04 . Memory (MB): peak = 2837.828 ; gain = 0.000 ; free physical = 11776 ; free virtual = 17266

Phase 3.3 Area Swap Optimization
Phase 3.3 Area Swap Optimization | Checksum: 15eca914c

Time (s): cpu = 00:00:16 ; elapsed = 00:00:04 . Memory (MB): peak = 2837.828 ; gain = 0.000 ; free physical = 11776 ; free virtual = 17266

Phase 3.4 Pipeline Register Optimization
Phase 3.4 Pipeline Register Optimization | Checksum: 19f6bc180

Time (s): cpu = 00:00:16 ; elapsed = 00:00:04 . Memory (MB): peak = 2837.828 ; gain = 0.000 ; free physical = 11772 ; free virtual = 17266

Phase 3.5 Small Shape Detail Placement
Phase 3.5 Small Shape Detail Placement | Checksum: 1adb8e94b

Time (s): cpu = 00:00:17 ; elapsed = 00:00:05 . Memory (MB): peak = 2837.828 ; gain = 0.000 ; free physical = 11769 ; free virtual = 17263

Phase 3.6 Re-assign LUT pins
Phase 3.6 Re-assign LUT pins | Checksum: 1ed14baf5

Time (s): cpu = 00:00:17 ; elapsed = 00:00:05 . Memory (MB): peak = 2837.828 ; gain = 0.000 ; free physical = 11769 ; free virtual = 17263

Phase 3.7 Pipeline Register Optimization
Phase 3.7 Pipeline Register Optimization | Checksum: 22c738aa9

Time (s): cpu = 00:00:17 ; elapsed = 00:00:05 . Memory (MB): peak = 2837.828 ; gain = 0.000 ; free physical = 11769 ; free virtual = 17263
Phase 3 Detail Placement | Checksum: 22c738aa9

Time (s): cpu = 00:00:17 ; elapsed = 00:00:05 . Memory (MB): peak = 2837.828 ; gain = 0.000 ; free physical = 11769 ; free virtual = 17263

Phase 4 Post Placement Optimization and Clean-Up

Phase 4.1 Post Commit Optimization
INFO: [Timing 38-35] Done setting XDC timing constraints.

Phase 4.1.1 Post Placement Optimization
Post Placement Optimization Initialization | Checksum: e2b97326

Phase 4.1.1.1 BUFG Insertion
INFO: [Place 46-56] BUFG insertion identified 0 candidate nets. Inserted BUFG: 0, Replicated BUFG Driver: 0, Skipped due to Placement/Routing Conflicts: 0, Skipped due to Timing Degradation: 0, Skipped due to Illegal Netlist: 0.
Phase 4.1.1.1 BUFG Insertion | Checksum: e2b97326

Time (s): cpu = 00:00:19 ; elapsed = 00:00:05 . Memory (MB): peak = 2837.828 ; gain = 0.000 ; free physical = 11778 ; free virtual = 17272
INFO: [Place 30-746] Post Placement Timing Summary WNS=4.957. For the most accurate timing information please run report_timing.
Phase 4.1.1 Post Placement Optimization | Checksum: 15b24d10a

Time (s): cpu = 00:00:19 ; elapsed = 00:00:05 . Memory (MB): peak = 2837.828 ; gain = 0.000 ; free physical = 11778 ; free virtual = 17272
Phase 4.1 Post Commit Optimization | Checksum: 15b24d10a

Time (s): cpu = 00:00:19 ; elapsed = 00:00:05 . Memory (MB): peak = 2837.828 ; gain = 0.000 ; free physical = 11778 ; free virtual = 17272

Phase 4.2 Post Placement Cleanup
Phase 4.2 Post Placement Cleanup | Checksum: 15b24d10a

Time (s): cpu = 00:00:19 ; elapsed = 00:00:05 . Memory (MB): peak = 2837.828 ; gain = 0.000 ; free physical = 11778 ; free virtual = 17272

Phase 4.3 Placer Reporting
Phase 4.3 Placer Reporting | Checksum: 15b24d10a

Time (s): cpu = 00:00:19 ; elapsed = 00:00:05 . Memory (MB): peak = 2837.828 ; gain = 0.000 ; free physical = 11778 ; free virtual = 17272

Phase 4.4 Final Placement Cleanup
Netlist sorting complete. Time (s): cpu = 00:00:00 ; elapsed = 00:00:00 . Memory (MB): peak = 2837.828 ; gain = 0.000 ; free physical = 11778 ; free virtual = 17272
Phase 4.4 Final Placement Cleanup | Checksum: 1f3db1a5c

Time (s): cpu = 00:00:19 ; elapsed = 00:00:05 . Memory (MB): peak = 2837.828 ; gain = 0.000 ; free physical = 11778 ; free virtual = 17272
Phase 4 Post Placement Optimization and Clean-Up | Checksum: 1f3db1a5c

Time (s): cpu = 00:00:19 ; elapsed = 00:00:05 . Memory (MB): peak = 2837.828 ; gain = 0.000 ; free physical = 11778 ; free virtual = 17272
Ending Placer Task | Checksum: 1793f05f4

Time (s): cpu = 00:00:19 ; elapsed = 00:00:05 . Memory (MB): peak = 2837.828 ; gain = 0.000 ; free physical = 11778 ; free virtual = 17272
INFO: [Common 17-83] Releasing license: Implementation
67 Infos, 0 Warnings, 0 Critical Warnings and 0 Errors encountered.
place_design completed successfully
place_design: Time (s): cpu = 00:00:20 ; elapsed = 00:00:06 . Memory (MB): peak = 2837.828 ; gain = 0.000 ; free physical = 11788 ; free virtual = 17282
Netlist sorting complete. Time (s): cpu = 00:00:00 ; elapsed = 00:00:00 . Memory (MB): peak = 2837.828 ; gain = 0.000 ; free physical = 11788 ; free virtual = 17282
INFO: [Timing 38-480] Writing timing data to binary archive.
Writing placer database...
Writing XDEF routing.
Writing XDEF routing logical nets.
Writing XDEF routing special nets.
Write XDEF Complete: Time (s): cpu = 00:00:00.56 ; elapsed = 00:00:00.19 . Memory (MB): peak = 2837.828 ; gain = 0.000 ; free physical = 11770 ; free virtual = 17273
INFO: [Common 17-1381] The checkpoint '/home/claudio/U/24.2/arqui/g21/Tower-Blox/architecture/architecture_stable.runs/impl_1/Basys3_placed.dcp' has been generated.
INFO: [runtcl-4] Executing : report_io -file Basys3_io_placed.rpt
report_io: Time (s): cpu = 00:00:00.04 ; elapsed = 00:00:00.05 . Memory (MB): peak = 2837.828 ; gain = 0.000 ; free physical = 11779 ; free virtual = 17274
INFO: [runtcl-4] Executing : report_utilization -file Basys3_utilization_placed.rpt -pb Basys3_utilization_placed.pb
INFO: [runtcl-4] Executing : report_control_sets -verbose -file Basys3_control_sets_placed.rpt
report_control_sets: Time (s): cpu = 00:00:00.02 ; elapsed = 00:00:00.03 . Memory (MB): peak = 2837.828 ; gain = 0.000 ; free physical = 11782 ; free virtual = 17278
Command: phys_opt_design
Attempting to get a license for feature 'Implementation' and/or device 'xc7a35t'
INFO: [Common 17-349] Got license for feature 'Implementation' and/or device 'xc7a35t'
INFO: [Vivado_Tcl 4-383] Design worst setup slack (WNS) is greater than or equal to 0.250 ns. Skipping all physical synthesis optimizations.
INFO: [Vivado_Tcl 4-232] No setup violation found. The netlist was not modified.
INFO: [Common 17-83] Releasing license: Implementation
76 Infos, 0 Warnings, 0 Critical Warnings and 0 Errors encountered.
phys_opt_design completed successfully
Netlist sorting complete. Time (s): cpu = 00:00:00 ; elapsed = 00:00:00 . Memory (MB): peak = 2837.828 ; gain = 0.000 ; free physical = 11750 ; free virtual = 17246
INFO: [Timing 38-480] Writing timing data to binary archive.
Writing placer database...
Writing XDEF routing.
Writing XDEF routing logical nets.
Writing XDEF routing special nets.
Write XDEF Complete: Time (s): cpu = 00:00:00.55 ; elapsed = 00:00:00.18 . Memory (MB): peak = 2837.828 ; gain = 0.000 ; free physical = 11732 ; free virtual = 17233
INFO: [Common 17-1381] The checkpoint '/home/claudio/U/24.2/arqui/g21/Tower-Blox/architecture/architecture_stable.runs/impl_1/Basys3_physopt.dcp' has been generated.
Command: route_design
Attempting to get a license for feature 'Implementation' and/or device 'xc7a35t'
INFO: [Common 17-349] Got license for feature 'Implementation' and/or device 'xc7a35t'
Running DRC as a precondition to command route_design
INFO: [DRC 23-27] Running DRC with 8 threads
INFO: [Vivado_Tcl 4-198] DRC finished with 0 Errors
INFO: [Vivado_Tcl 4-199] Please refer to the DRC report (report_drc) for more information.


Starting Routing Task
INFO: [Route 35-254] Multithreading enabled for route_design using a maximum of 8 CPUs
Checksum: PlaceDB: bca286ef ConstDB: 0 ShapeSum: bc9c7f05 RouteDB: 0

Phase 1 Build RT Design
Phase 1 Build RT Design | Checksum: 7dddc91b

Time (s): cpu = 00:00:08 ; elapsed = 00:00:07 . Memory (MB): peak = 2837.828 ; gain = 0.000 ; free physical = 11626 ; free virtual = 17123
Post Restoration Checksum: NetGraph: 1b8d4fdd NumContArr: 6250793e Constraints: 0 Timing: 0

Phase 2 Router Initialization

Phase 2.1 Create Timer
Phase 2.1 Create Timer | Checksum: 7dddc91b

Time (s): cpu = 00:00:08 ; elapsed = 00:00:07 . Memory (MB): peak = 2837.828 ; gain = 0.000 ; free physical = 11629 ; free virtual = 17126

Phase 2.2 Fix Topology Constraints
Phase 2.2 Fix Topology Constraints | Checksum: 7dddc91b

Time (s): cpu = 00:00:08 ; elapsed = 00:00:07 . Memory (MB): peak = 2837.828 ; gain = 0.000 ; free physical = 11596 ; free virtual = 17094

Phase 2.3 Pre Route Cleanup
Phase 2.3 Pre Route Cleanup | Checksum: 7dddc91b

Time (s): cpu = 00:00:08 ; elapsed = 00:00:07 . Memory (MB): peak = 2837.828 ; gain = 0.000 ; free physical = 11596 ; free virtual = 17094
 Number of Nodes with overlaps = 0

Phase 2.4 Update Timing
Phase 2.4 Update Timing | Checksum: 24ae32050

Time (s): cpu = 00:00:11 ; elapsed = 00:00:08 . Memory (MB): peak = 2837.828 ; gain = 0.000 ; free physical = 11579 ; free virtual = 17078
INFO: [Route 35-416] Intermediate Timing Summary | WNS=5.114  | TNS=0.000  | WHS=-0.117 | THS=-1.847 |

Phase 2 Router Initialization | Checksum: 18f78960a

Time (s): cpu = 00:00:12 ; elapsed = 00:00:08 . Memory (MB): peak = 2837.828 ; gain = 0.000 ; free physical = 11577 ; free virtual = 17076

Router Utilization Summary
  Global Vertical Routing Utilization    = 0 %
  Global Horizontal Routing Utilization  = 0 %
  Routable Net Status*
  *Does not include unroutable nets such as driverless and loadless.
  Run report_route_status for detailed report.
  Number of Failed Nets               = 2245
    (Failed Nets is the sum of unrouted and partially routed nets)
  Number of Unrouted Nets             = 2245
  Number of Partially Routed Nets     = 0
  Number of Node Overlaps             = 0


Phase 3 Initial Routing
Phase 3 Initial Routing | Checksum: 227fcba98

Time (s): cpu = 00:00:13 ; elapsed = 00:00:08 . Memory (MB): peak = 2837.828 ; gain = 0.000 ; free physical = 11577 ; free virtual = 17076

Phase 4 Rip-up And Reroute

Phase 4.1 Global Iteration 0
 Number of Nodes with overlaps = 145
 Number of Nodes with overlaps = 0
INFO: [Route 35-416] Intermediate Timing Summary | WNS=2.801  | TNS=0.000  | WHS=N/A    | THS=N/A    |

Phase 4.1 Global Iteration 0 | Checksum: 2c1851adc

Time (s): cpu = 00:00:15 ; elapsed = 00:00:09 . Memory (MB): peak = 2837.828 ; gain = 0.000 ; free physical = 11584 ; free virtual = 17079
Phase 4 Rip-up And Reroute | Checksum: 2c1851adc

Time (s): cpu = 00:00:15 ; elapsed = 00:00:09 . Memory (MB): peak = 2837.828 ; gain = 0.000 ; free physical = 11584 ; free virtual = 17079

Phase 5 Delay and Skew Optimization

Phase 5.1 Delay CleanUp

Phase 5.1.1 Update Timing
Phase 5.1.1 Update Timing | Checksum: 20beb02e7

Time (s): cpu = 00:00:15 ; elapsed = 00:00:09 . Memory (MB): peak = 2837.828 ; gain = 0.000 ; free physical = 11584 ; free virtual = 17079
INFO: [Route 35-416] Intermediate Timing Summary | WNS=2.801  | TNS=0.000  | WHS=N/A    | THS=N/A    |

Phase 5.1 Delay CleanUp | Checksum: 20beb02e7

Time (s): cpu = 00:00:15 ; elapsed = 00:00:09 . Memory (MB): peak = 2837.828 ; gain = 0.000 ; free physical = 11584 ; free virtual = 17079

Phase 5.2 Clock Skew Optimization
Phase 5.2 Clock Skew Optimization | Checksum: 20beb02e7

Time (s): cpu = 00:00:15 ; elapsed = 00:00:09 . Memory (MB): peak = 2837.828 ; gain = 0.000 ; free physical = 11584 ; free virtual = 17079
Phase 5 Delay and Skew Optimization | Checksum: 20beb02e7

Time (s): cpu = 00:00:15 ; elapsed = 00:00:09 . Memory (MB): peak = 2837.828 ; gain = 0.000 ; free physical = 11584 ; free virtual = 17079

Phase 6 Post Hold Fix

Phase 6.1 Hold Fix Iter

Phase 6.1.1 Update Timing
Phase 6.1.1 Update Timing | Checksum: 298ee000c

Time (s): cpu = 00:00:16 ; elapsed = 00:00:09 . Memory (MB): peak = 2837.828 ; gain = 0.000 ; free physical = 11583 ; free virtual = 17079
INFO: [Route 35-416] Intermediate Timing Summary | WNS=2.801  | TNS=0.000  | WHS=0.070  | THS=0.000  |

Phase 6.1 Hold Fix Iter | Checksum: 1f0a81ccb

Time (s): cpu = 00:00:16 ; elapsed = 00:00:09 . Memory (MB): peak = 2837.828 ; gain = 0.000 ; free physical = 11583 ; free virtual = 17079
Phase 6 Post Hold Fix | Checksum: 1f0a81ccb

Time (s): cpu = 00:00:16 ; elapsed = 00:00:09 . Memory (MB): peak = 2837.828 ; gain = 0.000 ; free physical = 11583 ; free virtual = 17079

Phase 7 Route finalize

Router Utilization Summary
  Global Vertical Routing Utilization    = 1.7558 %
  Global Horizontal Routing Utilization  = 1.92374 %
  Routable Net Status*
  *Does not include unroutable nets such as driverless and loadless.
  Run report_route_status for detailed report.
  Number of Failed Nets               = 0
    (Failed Nets is the sum of unrouted and partially routed nets)
  Number of Unrouted Nets             = 0
  Number of Partially Routed Nets     = 0
  Number of Node Overlaps             = 0

Phase 7 Route finalize | Checksum: 24f811294

Time (s): cpu = 00:00:16 ; elapsed = 00:00:09 . Memory (MB): peak = 2837.828 ; gain = 0.000 ; free physical = 11583 ; free virtual = 17079

Phase 8 Verifying routed nets

 Verification completed successfully
Phase 8 Verifying routed nets | Checksum: 24f811294

Time (s): cpu = 00:00:16 ; elapsed = 00:00:09 . Memory (MB): peak = 2837.828 ; gain = 0.000 ; free physical = 11581 ; free virtual = 17076

Phase 9 Depositing Routes
Phase 9 Depositing Routes | Checksum: 22e178f5f

Time (s): cpu = 00:00:16 ; elapsed = 00:00:10 . Memory (MB): peak = 2837.828 ; gain = 0.000 ; free physical = 11577 ; free virtual = 17076

Phase 10 Post Router Timing
INFO: [Route 35-57] Estimated Timing Summary | WNS=2.801  | TNS=0.000  | WHS=0.070  | THS=0.000  |

INFO: [Route 35-327] The final timing numbers are based on the router estimated timing analysis. For a complete and accurate timing signoff, please run report_timing_summary.
Phase 10 Post Router Timing | Checksum: 22e178f5f

Time (s): cpu = 00:00:16 ; elapsed = 00:00:10 . Memory (MB): peak = 2837.828 ; gain = 0.000 ; free physical = 11577 ; free virtual = 17077
INFO: [Route 35-16] Router Completed Successfully

Time (s): cpu = 00:00:16 ; elapsed = 00:00:10 . Memory (MB): peak = 2837.828 ; gain = 0.000 ; free physical = 11611 ; free virtual = 17111

Routing Is Done.
INFO: [Common 17-83] Releasing license: Implementation
91 Infos, 0 Warnings, 0 Critical Warnings and 0 Errors encountered.
route_design completed successfully
route_design: Time (s): cpu = 00:00:17 ; elapsed = 00:00:11 . Memory (MB): peak = 2837.828 ; gain = 0.000 ; free physical = 11611 ; free virtual = 17111
Netlist sorting complete. Time (s): cpu = 00:00:00 ; elapsed = 00:00:00 . Memory (MB): peak = 2837.828 ; gain = 0.000 ; free physical = 11611 ; free virtual = 17111
INFO: [Timing 38-480] Writing timing data to binary archive.
Writing placer database...
Writing XDEF routing.
Writing XDEF routing logical nets.
Writing XDEF routing special nets.
Write XDEF Complete: Time (s): cpu = 00:00:00.58 ; elapsed = 00:00:00.20 . Memory (MB): peak = 2837.828 ; gain = 0.000 ; free physical = 11598 ; free virtual = 17107
INFO: [Common 17-1381] The checkpoint '/home/claudio/U/24.2/arqui/g21/Tower-Blox/architecture/architecture_stable.runs/impl_1/Basys3_routed.dcp' has been generated.
INFO: [runtcl-4] Executing : report_drc -file Basys3_drc_routed.rpt -pb Basys3_drc_routed.pb -rpx Basys3_drc_routed.rpx
Command: report_drc -file Basys3_drc_routed.rpt -pb Basys3_drc_routed.pb -rpx Basys3_drc_routed.rpx
INFO: [IP_Flow 19-1839] IP Catalog is up to date.
INFO: [DRC 23-27] Running DRC with 8 threads
INFO: [Coretcl 2-168] The results of DRC are in file /home/claudio/U/24.2/arqui/g21/Tower-Blox/architecture/architecture_stable.runs/impl_1/Basys3_drc_routed.rpt.
report_drc completed successfully
INFO: [runtcl-4] Executing : report_methodology -file Basys3_methodology_drc_routed.rpt -pb Basys3_methodology_drc_routed.pb -rpx Basys3_methodology_drc_routed.rpx
Command: report_methodology -file Basys3_methodology_drc_routed.rpt -pb Basys3_methodology_drc_routed.pb -rpx Basys3_methodology_drc_routed.rpx
INFO: [Timing 38-35] Done setting XDC timing constraints.
INFO: [DRC 23-133] Running Methodology with 8 threads
INFO: [Coretcl 2-1520] The results of Report Methodology are in file /home/claudio/U/24.2/arqui/g21/Tower-Blox/architecture/architecture_stable.runs/impl_1/Basys3_methodology_drc_routed.rpt.
report_methodology completed successfully
INFO: [runtcl-4] Executing : report_power -file Basys3_power_routed.rpt -pb Basys3_power_summary_routed.pb -rpx Basys3_power_routed.rpx
Command: report_power -file Basys3_power_routed.rpt -pb Basys3_power_summary_routed.pb -rpx Basys3_power_routed.rpx
INFO: [Timing 38-35] Done setting XDC timing constraints.
Running Vector-less Activity Propagation...

Finished Running Vector-less Activity Propagation
103 Infos, 0 Warnings, 0 Critical Warnings and 0 Errors encountered.
report_power completed successfully
INFO: [runtcl-4] Executing : report_route_status -file Basys3_route_status.rpt -pb Basys3_route_status.pb
INFO: [runtcl-4] Executing : report_timing_summary -max_paths 10 -file Basys3_timing_summary_routed.rpt -pb Basys3_timing_summary_routed.pb -rpx Basys3_timing_summary_routed.rpx -warn_on_violation 
INFO: [Timing 38-91] UpdateTimingParams: Speed grade: -1, Delay Type: min_max.
INFO: [Timing 38-191] Multithreading enabled for timing update using a maximum of 8 CPUs
INFO: [runtcl-4] Executing : report_incremental_reuse -file Basys3_incremental_reuse_routed.rpt
INFO: [Vivado_Tcl 4-1062] Incremental flow is disabled. No incremental reuse Info to report.
INFO: [runtcl-4] Executing : report_clock_utilization -file Basys3_clock_utilization_routed.rpt
INFO: [runtcl-4] Executing : report_bus_skew -warn_on_violation -file Basys3_bus_skew_routed.rpt -pb Basys3_bus_skew_routed.pb -rpx Basys3_bus_skew_routed.rpx
INFO: [Timing 38-91] UpdateTimingParams: Speed grade: -1, Delay Type: min_max.
INFO: [Timing 38-191] Multithreading enabled for timing update using a maximum of 8 CPUs
Command: write_bitstream -force Basys3.bit
Attempting to get a license for feature 'Implementation' and/or device 'xc7a35t'
INFO: [Common 17-349] Got license for feature 'Implementation' and/or device 'xc7a35t'
Running DRC as a precondition to command write_bitstream
INFO: [IP_Flow 19-1839] IP Catalog is up to date.
INFO: [DRC 23-27] Running DRC with 8 threads
INFO: [Vivado 12-3199] DRC finished with 0 Errors
INFO: [Vivado 12-3200] Please refer to the DRC report (report_drc) for more information.
INFO: [Designutils 20-2272] Running write_bitstream with 8 threads.
Loading data files...
Loading site data...
Loading route data...
Processing options...
Creating bitmap...
Creating bitstream...
Writing bitstream ./Basys3.bit...
INFO: [Vivado 12-1842] Bitgen Completed Successfully.
INFO: [Project 1-120] WebTalk data collection is mandatory when using a WebPACK part without a full Vivado license. To see the specific WebTalk data collected for your design, open the usage_statistics_webtalk.html or usage_statistics_webtalk.xml file in the implementation directory.
INFO: [Common 17-83] Releasing license: Implementation
122 Infos, 0 Warnings, 0 Critical Warnings and 0 Errors encountered.
write_bitstream completed successfully
write_bitstream: Time (s): cpu = 00:00:10 ; elapsed = 00:00:10 . Memory (MB): peak = 3038.684 ; gain = 162.617 ; free physical = 11559 ; free virtual = 17070
INFO: [Common 17-206] Exiting Vivado at Sat Nov 23 03:42:15 2024...
