Copyright 1986-2019 Xilinx, Inc. All Rights Reserved.
------------------------------------------------------------------------------------------------------------
| Tool Version : Vivado v.2019.2 (lin64) Build 2708876 Wed Nov  6 21:39:14 MST 2019
| Date         : Sat Nov 16 05:24:16 2024
| Host         : debwing running 64-bit Debian GNU/Linux 12 (bookworm)
| Command      : report_drc -file Basys3_drc_routed.rpt -pb Basys3_drc_routed.pb -rpx Basys3_drc_routed.rpx
| Design       : Basys3
| Device       : xc7a35tcpg236-1
| Speed File   : -1
| Design State : Fully Routed
------------------------------------------------------------------------------------------------------------

Report DRC

Table of Contents
-----------------
1. REPORT SUMMARY
2. REPORT DETAILS

1. REPORT SUMMARY
-----------------
            Netlist: netlist
          Floorplan: design_1
      Design limits: <entire design considered>
           Ruledeck: default
             Max violations: <unlimited>
             Violations found: 0
+------+----------+-------------+------------+
| Rule | Severity | Description | Violations |
+------+----------+-------------+------------+
+------+----------+-------------+------------+

2. REPORT DETAILS
-----------------

